c:\10.21最终版\10.17\consoleapplication1\x64\debug\vc143.pdb
c:\10.21最终版\10.17\consoleapplication1\x64\debug\vc143.idb
c:\10.21最终版\10.17\consoleapplication1\x64\debug\sudoku.obj
c:\10.21最终版\10.17\consoleapplication1\x64\debug\uiinterface.obj
c:\10.21最终版\10.17\consoleapplication1\x64\debug\row.obj
c:\10.21最终版\10.17\consoleapplication1\x64\debug\main.obj
c:\10.21最终版\10.17\consoleapplication1\x64\debug\gui.obj
c:\10.21最终版\10.17\consoleapplication1\x64\debug\consoleui.obj
c:\10.21最终版\10.17\consoleapplication1\x64\debug\col.obj
c:\10.21最终版\10.17\consoleapplication1\x64\debug\cell.obj
c:\10.21最终版\10.17\consoleapplication1\x64\debug\block.obj
c:\10.21最终版\10.17\consoleapplication1\x64\debug\playcommand.obj
c:\10.21最终版\10.17\x64\debug\consoleapplication1.exe
c:\10.21最终版\10.17\x64\debug\consoleapplication1.pdb
c:\10.21最终版\10.17\consoleapplication1\x64\debug\consoleapplication1.ilk
c:\10.21最终版\10.17\consoleapplication1\x64\debug\consolea.29d92d53.tlog\cl.command.1.tlog
c:\10.21最终版\10.17\consoleapplication1\x64\debug\consolea.29d92d53.tlog\cl.items.tlog
c:\10.21最终版\10.17\consoleapplication1\x64\debug\consolea.29d92d53.tlog\cl.read.1.tlog
c:\10.21最终版\10.17\consoleapplication1\x64\debug\consolea.29d92d53.tlog\cl.write.1.tlog
c:\10.21最终版\10.17\consoleapplication1\x64\debug\consolea.29d92d53.tlog\link.command.1.tlog
c:\10.21最终版\10.17\consoleapplication1\x64\debug\consolea.29d92d53.tlog\link.read.1.tlog
c:\10.21最终版\10.17\consoleapplication1\x64\debug\consolea.29d92d53.tlog\link.secondary.1.tlog
c:\10.21最终版\10.17\consoleapplication1\x64\debug\consolea.29d92d53.tlog\link.write.1.tlog
